5-555555-5454-44a3+26222+2
45554+5272
6666
67-4C56015565600+706+7+16700
5-556+66665505-55453+5+767
576600556a0-15-335+3262226
76-5553B55-433+221
7654
6C7-465004675A554-43326
4a55564767b5501040444-444332+336223+2
67076+6
455555554+33+22
4670
04766+500
5555555444+44254B+5+75367225+2774-5443253+56
4-575556656765714-6+54322+251711111
57+35766+7-7675014-353A65-53+4225254-43+2
676076665
35567404-4+34252224-43B1-4105736644354-4+4325252211-111004A566+575-4322570-111132-1B07
57364667+5675754-43+262222350
57756-065555-543436
66666
