056+06555756+75+70150
56a4-0555-54+7
6+464+66657-0555
65b4-555554+3
66+654+3555
555-555+646267577654-034+344B67755044-44444+44-223-314+262211111667570
75A657675655-4535-4+7336
56430675555-443+3
5555C-54+527
66
565-055554+5-37
6665-5735757504-43+2222
6655-607-7-044666+76
455555-555555-54+254A676-403+22+22
5+6-735667+5b70+00
6B554-5554+3
6754-53B654+3A5-453B457346755554-53453+7344
7B653406545364-44+3C63555
555555-55535+4-4+332622
6476+71
4+5767-56500
576067601444-4444+332222
766556460-765050055533
