666
555-566565A5-55443
5A760654-04+3231674B544-43+422+622243+3
56767c55-044+33242522265B54-433
653+54+34-55554+5273+24b045-4734+26112+235
157065
65-45b34556c50670556667+07057000
756-0
5555554+5372
6+66
454+0646-5755556b+570556+7+600-0+0676+757550000
06334664576715654-4325+2224004354a-43+222
26664-354A75660+0-67+76706056-010
0707+51a00
56a5-0555-4+72
66+6
65A-07765b-14444-4432
457454-554-546766654-05555543b6-56+70
666
565-7436554-4322
4-5555-54655006670657057b-54401036555-55-332
54+74550a555556
0+70000
