65a-43+2622
7-60641644
45-555-3+46
665
6C5757046157567+6076+7767500
65666-4375755545-373
6+6
4555-554-2+50773+4+234153+2101B+7670566+5657+500
5666665444-55555543+2
6+4755704176404-43+4262222
7765555A54B54-44332+2225
56666555-5A5554533726
57C50645-54637554-322
6666
67-065-50
6+766
6607+66543+2455-55
670666
45667765555-4c44435327+211117
7670656765
67+5b+64-0555554b-3+235124224545755-453453+73
666654306545c-3454+2725252+3555-655576+55645-44-444+322225
570
7565570435+354-45473765554535-44443333+222151
