5545
670666+77057+01132+31A7
555-555C
607+50
6-73B15444+3353343+4264-555565666676+760767-041
4765-75+404+363B54574+6222276700-0
5-716055
7-6-650
666+6
64A6500555545544-535353454463737
50607655-355646364+064A4-3771134+242527001
44-44+44A5576+67667a-500127443B665-42+243526555-5443326
675
55544
7B567b-565-003452B75547524345657+4-04+332522+34467677555005-544-3+36
705
45-44-445574054655640676b004-05365477555-54444+4-47
00
6666
5735600677501545-455455-5434+3635-1217112-335575444+43-3
6+66665-34065b4-3+3A5554
57555647362+2115757504-025054-3+432527555-43336
