677066+60A76b5-70
607-50
6-574055555-443+314435+1A+6075566+6777057+010717-00000
574A67546475555-443+3
6B65530655-534b4+53-73555
5554534+75-670
666+6
46-5405666+6+67654
5-5+4+666
5B-650555C5c-54364267
65455-555543+2
5675650445c35-4444453-5354744332
7+65
555-566655-7465075555-45433
45555-543
564A05b4-4+322+22
56+767-5144b+5354+73362
45555-55545-54455b4444+46b43+64A-574+67+6a-704-04+353344363+232666055-432
567051575-05555-5354+6377
65-3A64+3B45-54
5A6+667C6767061A7-6545-53543+6516+7754750
6A555354-45372
