67065
7654
666
5B665-44C6750605555-4433
66665442B35643643-5+325557653-5473526+22270
7655A54-5345365226+567
4766071555-53543a3
666+6
45B555-4527
6564-05b5555-43+2
65C6457746607576510607601
67-65-04645C6b64-375+5424-5641362+43-5+51576+565605-35266507-550
74C74+7b0076
77655a
555555-5554364576555-43
45555-5543+222005
3C6667-555-4443+622
555-5567666544-5555452+724124-20102+10B065757+7543+3422224110-01606554-433B2
555555c4+72
5667501154-4355b-35+454C5353543732+2
4536b0555754604275331431257776755556547+5-554632755701
