6666666
6654a3553555-43
5+637
65567655b4-4453353+221
6226+540a-102245b-4426456555-54343
0C5704-0437-55-45354-3+2A
6B0-1
4555676+660152065a434+6-3B1511-1155-3+543332
4054+54456+77755A75-04+3514-35b35-23+4-23A255544+4a-5354-4444433+52
574
5733751025314-35354+3345244-254a44322+212+22222
66+65-4+2544C5576+0+50706545-4+32
57765755-54+33254243B4144-43+222+22
75
666
70-52555
5645A706555-5-4535354-344533+324-23511554444+43536425b2+3+422-11-131421-111016711124665A+55b5-43422+22
5-5555-43
666
7-465C554-443+3221
