654+5+4-5554a2+2143+3251x5+5b-4443433+62221
266a+545-44b3343255x534535565400+0A0654x6700x54
6746-5354
5555534+22+1
54535+x555-x4-x53+557+40-7+765x4+7634+x11x4
4+55-5555-5554+45363C355x5-43+425-55a4+444+3221023+6+45x0-111-11107x21C+
66
6-454653-34x5-554-x5x43+2
666+6
45A-5545245x5x3x4+66
6B5+555-5432
47544-4+554+35B6+5337c07+50x4x4x4+4-3+422222+232
5-0+06015x4
6-26554-4
364+55x21x5-4b+4343+62211
4533524354a4-25443+22222
356645x5x55-544-3+2x3
666+66
2C5644354b-434+32222+22
4+57-4365
6+666
2645x222x4+2435555
66-3533+55x5-434+42134x3432515-34+354+5c32424-265555-453445332
5-4544
