575-014A53B4+5-6645-5555544+4-4+3-3
5a55-5-55554
056+707655544+44-433+26
6544-555554+346-2631+4-202C3-45757502+12717+056767+14444-444+35343343452+626666554-342627
756-0555-5545473
677+066
5B55-4+5344+566+7501
57160+50
76+55-05555-5543+22017
7664545-54+5743+55+2+5356-33566740565-6+545473606+507a755
666
654a-55555b4-3+22
5-7455-345355+6605555-5444+4
3403656067675446-55-443336
00
4b554-44766754524-4A3666550675-0-14533526
4555554-3+2
66+6
570
7+050+070+67500
4+5755756+05-7+05
76754-044+3646075555a-534+151675554064-74444+4
736544
6666
