514560
75576754-04B+355-044+24422C3546555-5545444+33
46577555c5-45354-33+5262-215
544+464+5674-035+4A5705055-5555335-6+2322+0272223250-12B177
53767-554
43664557050-5405-033+35262226
5555534b-26
7A655-4b43+2
55555555-4+43+2262754+2432-54+0263335466616566747+00
7655-4164362B7
0550567151034b-2-6566055-555444+33
066705606555c4-45354-43534+2261517
00
64B+7557+0576-04b+3424-5655-535446474+432550
674
5+73357504-4017052+22222
4565006555-55433+2
767+066
7-655
66665
765A55b-343+5267
67756b043455c-3544+3224B-15467466545744B4534-544333+22615
