5675676
5-6064076656a00055-5545-35+3547314-31122404A205665415345473+222
6666
57+6+0-65500655555-45+4366365a755-5
555-5555-33+2
6A+66
4C6+650070555564+657607+7+6+767+57500
6366564-2+4+4C567650667-6000+706675007+57-517
056+575-5+54
55566+665536-4B55+435353+42A6223-215711555643+7622676b46554a+0444550075555-5534356+2+22217
06766
75-67-50
6+66
7+5-07+565-4c+4524C6570755657+4-74507+676-57+75500
4A7676554634575554535-443+32-5-24+142464C507512+22322056+54-06+4740607065700
776544-42B356+2222+26
637567-540056666+666701110+76
6504
46560654-43644C570760555654a7706007-06766-0507005
56+7
767544-43+2224-55A457765555555454545-354332
