65505575
576775015-4+44313C10064-4354+64225223221515-3422-354706b55554A-575463+3262
6654a-0555555532
5B05776575574-35+42356545b-353453+72425555
67467475677657015-43633+2622321
5B0674776405b7175505A5-4433A-
674A64+0262322077-501
75A7565405-054477544-533726
57365-6c50
665045755-6046550452+722
3+7-5557+55706075656b045576405-4+6346647232+1727+6710
77654
666+6
65-0575504
6B5-655364657065554-433
4c-555650766565055-5354+5654670
7565714-35435547456776757-01
571706505
67676576
66754b4-55555c-326+231-414-1067064+54+35-445436547775555745-454743+3221111
