6+005544-64755-544+3
55666564-67+6b755000-0211B76715-554-44+4-331-30111-23B10006260
5555-54+52724242074+655-444-3
7655-45-43+26
5a-55555-55554+4-443C51554-5a34+537
5465-505
555-55543
666
5B76-570515567+6+00-607677-01
666
7641515
67-460066555-54444+315-111043+2
6+66
6C7-55766050+70656667+0000+21477
4+61B+77+5
7+6+57057+6
5555776770655343675-42443A6555-43
65504-45555a53+46
566765154b-432
765c
45555543
666
645-765557567-5705165750-0+067675000
6666
5676655b-44c326
65-4A575A55-432
77654
6+666
766544B4-444+344C4-7647-50567+0-00011214744
