767-0
66
5A7a0
1555554
65a445-5554+7365
546455-5654+27206601
76+555-544+3
5675555b-5555555444+34b64647345555-55755-55-54+737+70501
47a0-575056-75144675554-4B+
5555-56+65+67-675-40211B7755015b55-4+4
6+564+0352A255-43
65-443+654+434436665554445-457353547443+73362
6C677+17716+46+346+67706
545474-4467555544
56+7555-556+665+65+66+7+06b0002+102B+0+755555-5475+444
5A70765455555-554353B6
53555-556A5676555555-44433
4A76076545c-4A5-4B4+44-54346765545-4b4373
7A507654354A54-4B+5-44546555445-44433
66666666666666666
