66
666666666
0+506+0165006557554-4+3326
65a405-5543+24-2405133A10075553-4+6
666
4A667514-334325207226+0-143355
666
5677545-5b343+221
4655-7555555554-44444+3222
5B67750-504-4+3555
6B754-55555-4+32243251-101776504-14443+62222
565-74365554-433+3622
07+6
55555-55
575756404-4+4362+222504-4+3254647544-4+35536322A+20776545-55553+426
674076+403-544+3425255-442+321272
4B7566405554-45354743+2-211
050+7006577+50-7105-765
0a
65+457+5563566057+5-67+0750675065765055-6+5-11a6554+323-2021077051
00
576a67+55-00343526+6
6505-547555-443+3262215
