55555555555554444+4362411-1134266476605570
55-5555+636276a607+10-7101-12-4A
6570655-544
676554b-443+62
656+34067667715
5767-64-0035655-55b34+52722+01B675
65
6657-66755A145-3533+52265
5-5555a-5555A766770665067-50750012340535-444575457547453+466
65776144444b-45353454633+7261
75575637-5a5005-7403655-4
666
7-645C4-433+225
57575-745403+222
76a-55+74-0b41063+6544-4+3362
555-5555-5555+4-454254217465554-443+3
675
5+6+66+0601
7564
5a5-646-7245+3664744-444+4-3353+3+4353633101111-107665570+7501454b+44+4332
