665a4-345A467405b344-433+2222
5746-35C54-4332
65a555-554+3
555-55426+67755x2x60
665b-45245x555-44+321313241
574A45465x5x5-55543+234b11113x4-444433+22x4252A211-1
37654
6666
3+5525C-44+44-4444+34-353+12-144C+x5666+746740013x3x4x314
7C+C76
45343675-5324+2522x5-53245534x4+x4+3-2402325x43B54+432522x665A5-44322
7B545
05-0x45-4
37-5+4535365435164-3+422222x45a-43+222
05
265-x2x3-4C553650+765-x6+700
65b-4434B5455213x667+3001
654a-4555543+2
6666
3A654b4-432x1
65a4-55555432
4A7554644x5x4-554532
4+52C43636x5x66+7777-57000x5
6+6676
