3765757061775405-5043647655-4433
5B667575054-3423-54A7655-543+3
70670
6666
6-55B07b555-4
765-0
6A666
555-556665-657+505b46000-111706-554574-343A3566
764A54555-5554332
466070555354554b4444-44444443+33621110
675-0764
66A66
44-446666675044-6a+4b3535-3A45+3753424525266650-0107167504353-5556
5-555555C544+44364+746-453647+675550-17+5-05154-44+4
76-5
6+666
4-5655-5524+4+57
56+777+5554+42+35
6+666
5-7055055
67-46222+2+4+554+7+667067-7+61550013654+77555-444-3+3
6A7-56456-74B60+1555-55544-4+47
5677555b5-457432+221
