545-55A555
5364555555660+157a0765147
575754-34+222
6-5A4-43+2
6-54356
24a-53B56535267+700-1
66645-465355-x6x433+5-122211-1111-01x44332
76-055545425
45565-5555-55445352565-545344+4
0655x5
6754
57455555-543+220314
3735533630x54255a-353+222222
624A535x444b44-44444444322
376
67+7C
77
6+6
45435c5754434-54b3+355
4A7467464355-544+313-0A1123x43+221
3654
666
353155-434+522221110-0301-1x32465-54-43+21-1
54525B554
4a3654635455x5x55-5354+3314-1122223A151-111065x432
45355+575535555-55A6+366655555-354+44333+22
66+5+435363
