67c0
5B65356545-2A+7
5-55666670650-501321A0735-5554b3422+65
47+741566+6666
6+5-4
666+6
5B6467-5C57060666+7757-10+71-11
7557565-3+55035-74755+506655-74433
4555-55543+223115775
44-545467776556745445a-43433+526226
265707755c545-453544444-44433+3A36
76
6+75+4605+3-755764507066342+62606675747045-567755055-443
666
4-5555-5472
7+655
66+6
5555553+567
56+670765554+4b434+26
464755-5555555-5545755404444+4-45365a4-353+426226534+5427555
45465545-4566665b43-16244665055-55544444+44+4
56+776555b5474+453544444333
