7654+54+35-55555-4+722
66+6a
5B5-4-536655-343567
6B5-573+2622275
65577566064-0536055-43A426
66665305a-43564b4-456
6653B04b55-3+325212775-432
6666
5643B755555-34b452+74363B6545-553545a576+0
666
6575-53B5465075554-44+6341533+11C01+606+4+760507754
676406507507654042+4-55+2342A554-43+6
666
4-65757550
57-4B507065555-35473326
675
64B55774-036a+14-44+56
45-556665-0364566701
55-6+7666+6566+5-0734+47601B55+4332101B771
65a64-05553+56+701
6567-57506555-444+3
575077650047-24755554-456243+54153+12C01+747+6706+00665001
00
