4774a04-34+262220
7-570655-554-3
66+6
77-6554a4-4443+225
5A760654-04+34154C547755404-4b43535474c+343+46363262654b+324464-5666+6
666
67-570765554-43
55-553+567
6+66
5B+7-755567+00-0+00-01
6554C0776+764a3644-504+33526226
666
6-46066554575302332A07112
065-50
66
554-4466566567606b500+0100201070-755005A5-54-4332
7-456674-0343B5b5701444-4+335426243+4266666054-3426
6666
50-755555-44362
555555472
6666
4A7657061557+476007-66+5705750
5A75757514-43-5+742211765-4+4-22424252435+6767055545-066755-7514753+03-233A06012
666
