50
0a+
66
55557+7565555655+6+554536346757+6755001001B255-5457
77560
6574+606c701
67656
65b64-05553+5467
53+666+6770-112A164
55-5556565756+5565-55444-4644457-4-35444444+444-4464+22154C0557567+013A100650406+700076757011
4C+2B+
5A770655-55543+2
455A+666+65740777+755+0-0201C+0667145b-34534+35261
5A7-7655463457555-442+3-2A4+40271136
7-54-0535477555-344537
765
455-555675606+6+00657b-6012705
756465+77503A64-4+32525-3+426
66665036-44B6606515-4543+3-2+4123-54+61+07555-554-44+351563C+14250777+70570-171+0-01A
6+66
