765-50
6666
55555-472
56776505-6-4463+7225701
4-6575565056+56+67+47766506417+5
7+6+5
570+650
465-76755+5316470655-443+241142322+0734575554-33
51075
555555-545-44444+44-43555-744536
4544-4b44
505a55555-55554+332553+14261-117470
5554
6+6
7C-576+70156+67-0001
5A707545-55c543+6
6B06775504-04242+522A11174755653705-343527+705
666
6-557b4B0576555
6+4676+06655+6050
567071555-443
66
767555-5433+36
7555617654
45a55566566714b44B535-4432
65a4-555553+54267
5645A0774155-555565-433+26
666
65C5+07760551754060+0-766+554
