50705-1354-3+2A4255-543+225
655b-555532+4-2453+10
505-5566+667507-16546755-433+2611
5c55-55666A650+04-25546703+0+1060-0212B+755-54322+3-1122+224+32
65534666+6
555555-5544+44251-5111634+262465-6+457705b6+005-43+2A2
4A6-7555a-044+35222225-364B5600666+7-001
6757054-05-4b355477555-43+36
45555-543+2220310
6-45756767574-1432+2222
666575757065554444-37
455+7555-555A576+655+2535654+4
64C7+657615556+47747506+07+6750+0
0+765
666
76554-43
45755-5a55-556A66543565-43A2422655-43+2
677066+6
75B567077015115574544744+460+07657+01
00
