507650555
15-076555
5757565-045A04-43+22222
55553+6670
601
765433+443652+116466+507-5
4-5575-44
6526+67667+57550
764b15-55555437526+27
65a5-55544+62356
6754
6666b6
665535355775555-344+5373243001C+07555-473+731340211404755-5653+42621431203A21011a-107545b353-534533+72265050+056+06500-00
455555555555554444+434644-434+26232106
57-67405B15-443+6
67056574A6575555-443+3213-534+2670A10711273
5B6604-4b+225255-43+2
6677066
5B76756-0755555-43
66+666
65c757657+0-5-4+61b12547
3756706+55054-35442A54B5765b45-272
