5+65655-6406-246b35667+565-50005554574+73324-151132543654330
62+265435555
5-5555543
57676514354b453B5-4443+32
6665a-0555553+2
666
56-06555-544-4+2411+7
66656437-567543+245554
45546770557+640650404144-35+473+355
55b45+44-4433+26
6B57071C06
3+57560665-00043+5+222535-5a43533+6222
266654-43C54+77565-050+0767+50-0
5A7754745555-533+522305-21733+5627
455a-51555-55555544-44+322
5-4532C+7565-7453+3555a54+6
760+50
666
665a4-0555553+234152344655-443+23b4
66+676+413-55515
45-55345667a5-5747-01100
56667-00b11
