0655505055
5c6+6+35637660667550
574667-676754-14365450705555-5443+221101B6750
5555-5554c4+4444-4+3464A755-34465C77055667+00-0012
66
510+76555
0C67660707-5014b-3+4224-557655A57554-43+36
66055a-5555543+2
35765066760656050043654-4+3A43554B50775b545-343566
555555555554444-4+4255573-54+3222
7-66704-1143C5-5
6714a-55555-366+70
765
66676+6
564606061556+575-043+532511B70615-6+7570105+06075700
5+767+570504-4+32622+2
514+5675
7654b-4+32
7A+505675+570655-544+3
5A+76667-550
545-5555-7476-466A060656606074757-656756507-5575b55-0
