5055
5556+70077654576544574+3A53+425225-4c3+2
57706555-43
55-55-43
654a555-554+527
5655-55356660660
7-654B-54-44433+6
45-5555555544-4+3+5b4+3443A564-4+2442242341-51576664355-457
7+464-15b4+352+32524+276+7765-755
5554-57
66
6C4567055547+66000757+500
70665+7
46+4574607+5
677-46a05-0043+222
5C7-7540504A+4432443+552266643-56
76550
46+5-757555555-5555554444+4435b47-465A7506b060514-43+2225
566754a-4555543+2
5675555674342+62-136-7436+6776057550
66
54757066-40667065b5-4336
7-56075-6+3+60622257-50405a4+134262222
666-5442355564a604700756500
670601
6477
