75
666
2B6535535x5x554-43
6+05670544
252x3-432443B564453-54+3353466754-4+32222
7-6554-43+422
64465x6x54-43
455A5-543
66544b-555543+22
365b-53B6435567+001-0-6
26-55B-5555432
6a5354+4b-443+343252222x5525C57547+50675546+27
3B5+32
673
4+2+534233+151-1x262x6604-4+43B151424x44-44x5x44+43354322+22011-021x2
4A554432x655+44-4332
65a4-5554+532-1123
6666
6-6b5356325x5x5-43
55535+4750654x6+3+34x70x4
55555-55554-4+3235151-11076x3434245222x34b-532A5-665-344532+22132
67-46574
666+6
24-2B35x4C35625x6540+6006754x37+0-0
