4554A531x5-5554+532
5453C43614-4+3352252A111-1140x56635b4-4433+2221
4A7-6545352553355x5x5-544+333-4+4011A1213x332221
746+53545-44+322222
3B4275x55x55476a05x5-3543+2221
55-55555-535a4-45-4a43
555-5563+75324-222x3+3522+23
5A764355-55542+32+13A42x2
666
67254a5-55554-3+2
666
64-5355436554332
5435-55-45A-76654-436535x55-433
6354
3654
6666
4553134C1x57+0-07+7654-x4-536+000
2+27-54x3x54+5b-33B33
45-443-2
666
6453554
64555x3B45x544-432
3+524
66a54555-554-43+217+05
4545-x5x55-5453766747-12x546355Ax25x5544-333222
