7B654-404B144-4+343261-5115366+06670
65765+4-43
5555-4+625-2240456767500+0020+05554-432+3-240356456a74-1435456755-443
5747+6760045-55534352-6+12+177
666-6
7-655-74732A5
6567a414b364A-4+44+34-360A-1116055-5444+43326
467670
7+676050
54646-5557326+26770700
455555543533+66
666
4-5-4557755-0550567+6606+656606407-3+356+66+765050-0075-00
45475-5751555-4A64646607+0+57-5750a01707+10564-647325755-0+0
5-555555554-4+355a-43+2222
5553-2
66
6C7-55701556+506+776565701
57060650
6666
5A674B746-7716075505-544-4+322
0A
