56
402
6+45-74+034334+362110576+600110701
4760-556+704-3+426222
7-65
654670655465365-473+225071
574A775445-55453726+270
666
7-6560755156474-77600066+676000
07-6415
464+74555655055555-54c+332+62
7655-4+362A
75A5766550715555-5443+1+346456
26665431655444-3+3355
0+7+77+7+57+76
4C+73
45465-55576547524-65656+7506756667+6+705705+010+00-1110065-34262
5055-5555555444+44-4+4447342524565305-34326520757b5757+5105566
00
4575555-5567666553164b-43545354-43+22+1
66+665
4A+75675555-555542+321512+42536575-54+4-4B+3
2726654355-545444-4+3335655
