67
5-4
65-43+36222
765
6666
57-4A67655445-3535345463732
5757576676500035-334+2622253-54a43+326222
666467-464500601564070+67-67+500
5c555555546-444+4-5a36231-511154+7222726764+0606-7500
6A4607+555-3534+35423+152621-16676a0
4+6-36-53+2635556+64+43+225060656+55-754
4056657+06
4-5c7+77+7
66+66
475A576744677b0055076605b415-3C45372
666
6666
6-5a4-55555-326+32435535757503-54+274b-3-24156674-055667
765
656045-555632626+7075+607a74454-55555-45272
6B-560555-533A526
7B5-64+02243+3562424676+067055
6570705675A0407556+404-70574444333+2211
