5-1555
5676665334655-436
467555-544-3
70666
7-655B54B-4443+376
055-756454-04+3A354B655-5554+444
54
55767514433+6
456+55657+76507166+60606675A0015a4a-3+223+353653B65667651003-53+3362225454-4a43+326232
627665554-4444+364A757165+0670767500
565044-444a33+6222+2
756-7155-00
7+66
65A56+0760557+566+000767500
555557+66765405A-555554+322
45565-05557-567516567570+50676+5000
45+555-555554444+4-4446426+244664-6473+5365555+7540010755575-6000A+675700
66-54B5-55553+54+67+01
654574b44+44+353+4362622644+4254A45750755+7+7+00
00
