6b5a-45555-5432
6741
665b-55555-43+3-20
33576260757-65106435545-6
654a54A44-4C43+222
5555472
67+66
55-54526+72660560
65A7056+5+5A5-432
7+675-14
6A66
756545-27
45-5a5-566565-65666b0550546-443
546+67675556744+4-1443+271
675a4-055554-3+2B
666
4-55466667667+40360-01027067-504-43362522+231515555-55A54535-4+33353625-223546575-3+36262605-067404-3+42623200-010575504
4657566+6777051-1123
607-4-05345577555-43
675
45-555566+67067607b-0125432
5-555676+65+66754-05+4A3643+632A11111545-555543+2231340261b01273210
