455-516A666767a-504364C-4332520274-432021207
56005A1764754736+5561444-6+27775755-01
5555-5a55555+55-4534356607554-4
765
554c5+777575
70+000-0010
5055-5555544+45446565-0442654A506575-57-0755b55-433+24122020202770117677
51065
7-654554354-433+26222
7655A44
566
7+66+40
574A775555-555-43+2
5-0+76505555-55-55444+4454567514b+3557+4+54275201674-4+33141622+14341-01051765A0054-322
76A067650555-5354+6657650
7657+5-543A644+455+6
7+01
671
760
6057754467356+66750-0
46575-555544+4547604-43657555555-543+2345-1272+7222212A7
6B
