514-5
6555-73+0574+4a-4+332223-11
54
655-670506666+6
55555544+54443522+225-44+33254-03526+26557-564-034+262221
555-55-5
7655c-43+22A
765
4-1+055-4
6a754+4-2722+22
66+7-65b54+4a43+2
455555543+24452+422105554+43554+74241513+1201C+765667+7500
5B74+700+7
64+73b
6505444-44b4+34a32551-114+265-2+4265+66507-0
575757-757544-34+2522+245a-43+2222
66-654-344B55776654-64750+607667+5-000
53756-74+6222200
65-55554362
15+5
6-456053-534b+42-656505-5A5-5554+44-44+453+22515231-1A72-0+060-17131+073563-64+4254+42C61516474456565-445
