555-5555555-54436575544
57605
5-555457
666
5C7-67555576+600-677670-1
45705755567556057+7257a05567+766+001
07665
55555555+5436467055+54-4
555543+2+21710+65
7655-443+320
4-5b55555555-4a4+3222
65-764A666b00155A-55554545354+444333+3122+0+273C+335345+6777000-0A11120222111
6Bc4+73-64a5+3+2425264-5A646a56+0-50074-432+2220+7-6
76554-4A3A
6751
5a-6055553426
657075444-44b-43+22
05555555555-4+42A553A66+2260-1
56767-5514b-43166
4-555-5+666545-4C4+244B3565-443+222
05565755-755
4A7567554655A554444-443+33+262A
