5555-544+4355355-5+354-43
57054055
555555
5A750617654577560555-543+2413A1+132207
706544
455-53526+6761661750
55565+45372+324-11B06705434252+241511547655-433+26
5a-555555+4-434365670655-544-4c3+3-2071B065
66
4755+5055-703+0222220
765
55464637606+701
5+655356+76576-655770601
455655+432
666
57-65464A5-43+362
3+57560706-576764514-3+22+22
5B67+51007-55b5554+4-43C3+6
6B-54-055555432
646726+066755600
070+5700-001
465+655-05555A6+6654-34+54560755647+544+443+32313+03A43263322+0755013+2055-4443+72232051706100001-1111242017122
