506764-0440+701-6012555557500+0-01
64-5755555-555-442062+4+455574756060554-3
705455-5556+550655656
45-554+5-7
6665
4C6557555566600+70667+500
6257b+5-0-434+612
567061555-443
6A65-4+25225-5353166
45675-050
6666+6
7B5076654-36465060557600+767657+04-0
6573+46756+60606+5607551a-510625656+750
567+76757-055557+65+444-60544443+322111154+4741
6466066066065750
66655-435545775554-4
555-556-3266+6070-5
56+0535454-444+362222
7655-444-4+272
6666
55555-555666+755+06+2554670-171202+00C667-05555+4-433+23230242B45651244A655-55555454+4444444
64570065554545b354445354444-43333+32225
