555555-44+353+62254a-4+423-15245-53+42626675414-33+2622
67555-432A2
47665076750-545364751764-0436457015475-40443
765
666
7-55+74+4254A6714-33656606555-4444+3
7C655535-343+62
66+66
5555-5555-45+730525B6555-54645444+4-4
45677555b44535-345733+22
675
456405576a505-344675075555-44+47
3756676606550055-55-543+36
4575-55-5556707665445-55555-432
666
476670-55675015a35-43+222211775
765A46430-0
7456a575a607-15-5555-544+44-43
66766
5A60560755554-432
456455a-555A76+667507+45-012+7555543+3
00-0
57+606+775b555+4-336
