666
0B6570511-04-43+344-1222136546555-5543
4A5+56054+32B456555-554544+44-43
523651564074-743321
5555543+2
66+6
4535a55554326567+06067544+3
67b4536666+7700701B
5c5-556665-534146105555-554-44
66
6534244-43462765554-342232
666
65a4-555554-3+2225-35255-354+33425221C0-7221-4-5554-332110
5452
555-555-637506-64424235b4-4+3431544+5-34433+6223+23A44C55+705543+22+211111121-0
765
06544-455-3A5+5b-4+3253532+540044+34a243+43613206373+14254+32211-12
55555-556+570664+55+354+2
45
765
00-0
765b534535-35+4322223
