6476607055555-444-7
6666c
437-6476+55004776514535b+353-26+7
666+65
7A+654
1+50765
70675770550
45555-556666754055706+6013+0c10770125555-354322
4366657506055004-2453B4c64-4c4+332502232107011-1143275555554-4432
555-5567606545-3A57655b554-443
76544-4+43A734252+321555-544+3425212700765
6550454-4444+42434-325511132114+356227406760
666
555456-3531-2C00756+564746756+0007-60066701
5642A-654734+556666b06+75770755-5
5A057-005555-54c43+32622
45555-5665A675165-555545372
666
67467-06054457655-433+62A
5c-556+5+55-554+364C676474-4
564776+5765600
