65605444-43+3514C455+7674-04+363+3262+321-511+0643A55+477555-54+3+322101671
5A067560510705555-5354+7
7655A54-4+4272
66666
7-65-0
666
4+6+67+065606570557150
55-5A66+6555-34+26
5555555+4535365C570655344537
555555-54527
666
7-4C5567076055557+6057-0506+765000
46+7764674+7607577
67-4A15-45+53535354+73+42642211105-64756675b+755A0553-43567
05-54
7654
67666
4+5666+7017-112-3
5A606406-4B+670655015c-43+624-2546557-55055444+447
4+6757605514-4+24424C+664-4+3422227374765554-33452+62C7
5-556+7666563+576756555-3543
55565-543+621202731202076
4C6-557650716640+470707-56+500
