5a4B5-4b+344254A6744-43+22072442243-25111-1666643555-4
74A6560-504-043+22222
55-555-577676570676-57-65500435775554-33
77654c
666
55-55576655-647576+566b5070c-1117076415A55-4322
5-5566+770665A45-55555-4+432
67+666
6-5C75+51460+4670-6-7570
064-554
65543+5-436457554-43
6761
6666
455555-432
7655b4-4C-355446356507-555-5432+25233+5-66476045-2+7222+23356
55-555457
666
4A676555-443+36
57605765405b-043+2242424+2+43155-5756565-56354C660605544-5556c4-43+3
6666
5565-5452+724-52-4C575655307+0670-06676575-14
