654-05444-4443+342+6232+1105444+4444+33534+5345621111676653+46
654a-55556545272
5+445-54666+465-6607b+57+0b-0170132213+2007555-555444+4-47
6+574606+0757555
666
6067-7165555-443
66a545-55534+26
5555-534+26657660
76+55B4-4444+32211
5+7C5+473+32506576+47
6544a+44-444444+4354+1541-62211167
455553+426
66
6B567055476500+766+5701
6-4A-756b04555-43+22B
65
6665
4-0555-5565665-4A50766b06500+0b0-11006-5055-43
56
4545-5+5366656b5-74657+5000b-001200A650555544+444+4
64567566+06+750
5055544-566655b04-55354+3426
