666
7A6534-53B24x4-3+32554-4332
654a-5555543+2
35425-552355x5x7x55-433
514
5634x3455-4056355-44322
3435230-501a0x67453535a-4443+22+2
6-34355bx252x555+5555444+44444-44+43-12+1434-x5+343523+x443+4x323C27-0112+x4x222x5x453
476564A5x6x3653456x554433
3+57+3+6+64+33+x3223+7+30x3
6745454-534+55-354+332532345x5-5432
670544-4
666
4534253Ax34531x4354B-54+3325252314000-00x4635554-432B
656a43525-33A+22
5-45443+22
56345555-556634x4+5-22522+21+411-1x53+65x5+4x55-554+44x6
3765B55533+5322
45565553+42
637543A5664-4B4+244524Cx45563150076555x6+46370x5654
