56+76+010-70760
55555-5b4+45-4623-15113526677060655-4722
66+767011-11077650
66
57746765+5+443+242365A5-432
66
57-4B665-5404+3252221104-344650705555-43
65466+5-750505b3+42643533215-6-4643+7225601
4B+7622225-6700
5760570750-55-436460655555545444-443+22
246+3465637764+645+375+75757+7
565745+45476554-433
706550
666
4555a55-367
7564-044364606555544
642626+7a0-51
57765555-5443
666
266+7+6060a1
055553+6705
666066
0B667-67441435b-346+57456-3+64-04+32+62206667070-5001
7+6
54+57
575-57+56057157-06155554-43+326
