6Aa
7655
674670605555-5544+3
65a65-055553567
0565-755755-6+55655+65-4534466706555-4
6+765
66
455555543
666
6+767061
5A776554-353+232254+3-63556b5+33525654-05753+51424-225-11-1105665463-455666+56775-65071776+570-51
10
4-4455A+767+6057667-555a435503C5+4432+3426325555-35333+52626
55576676544234655-43426
5765065555-5346
66
67655C-4535-432
77655
5-0555555-55355444+4-43546675035-44+2+34+527242-4240111-01005677654655-54533726
10
6C7455-7404b472+22+2
7+6-5
65a4-55555432
56a765544b-4+3432+533555-54+43
66666
