6766
5A776675004-4+342522221135-46606555744-535c4733
64A+75543+245B-6555-55553544+44-44-4
566675564746474-343+356166655
4555554+36
67+66
06465-575167-5605157+66+10-076570-1
5774C6a7550045-45c44-44+322222+2
57756-05555-543
666666
7-655A44-44433+322111
665-3514B66075555-3543
355+76556+565-057443+3-2404321A1123011-11110
4564554676+6707171611-02110676405535A+4-444363+22220
6675
4-5555-546666+66554+07760+0b00-20b212755-544+362
45-554+75555555544+44555554+72212C006
45555-55466566765575655-03-46
6666b+
65655-554-35473+22
06
