666666666
3676755555-444
60766
577575717-651075554b-4332
6665
657-601
54
76+54-344B+754-34+246252221135-57555535-43
000
65B57-4757055-4574-4+073
6666
7-65A55-354432
6A464076-64B7-6540155-57505444+44-43
65066707545b554-4545354444-453535433+33262
666
676b54-4354C57055667700-0
6+765
575b754-44+42364B5075544-44+34a25335533+12+6215-15567+6611A115-7+7553+6355666667+56-7060101
55555555+555-452+4+4C56554-4b3
455554
66
5C7-60755556+7066060-775-6000
765
655b-5553+4466+750
456+60675555+4-54574444443+322215110
