676+44544+3215312+23544+4325b-34B635566+7b00-1111
654636
5A77060543646435525a-5444
7655A54-4+4322
5555
57+4-04+34523424C4-5555554533+22221+0124
455-55-7+66+4+6-65-54+332211070
555-55+4+6266060+1752
666
57566755+5-554-3+2-242355A45-4535433+2211
65a4-55543+222+4+353
666
6535456775754-41
5C667600+4-1135336225452+214555544+4413754354-5324552317575-4444+311C4-12133+42
66
65a-55555432+212+3
5-757-4575-0453+46675555-44
6665453535577555-4
7+6+75
7547-54353+355465-54
7+6654643+635555-4
666
4566+70-11123
