66
76757-50004
66+64+45213A-355-5347555-44+33-1A500+21+73
263251535A4-433+2622
5b-6b305-4C+3422+531147555-43A+2
666
243464-6556657+05-46350-00272+111-0554-33
5-555552
666
56475A5504+74522+234645b-7534a+25235565060755-55565567+35443370013+240
00
22+2+2+254555555-5644+5275B-555-54+43
53+725073-4+3425+1
76+4-34b4C67643355575-4+33A350645-055542+24421143B6665-54-3+2242345-2+721+0
66765
55556514
66666
40756645a5576566+70001-1
460750104a4-44+24445754-4243545A64746555555-432
000
756517666655
000
756517+6555
