34645645757544-34+4a-2543+2222
5744547555-554x5x3
544
6666
4566
435+52356744-355555-4422x4
15c214-4535667555-56+7-7000-11a
666666
665-3A535144Bx555-4x5x332
765
6666
6-65A54-432
66666
555555-555-45454533+223-14C65555-5544+44
55
53+555+444-3x3207x3+221
37434264-4+355-4+32554-432
660766
53A534354C-4+53335-22+221111-100x2x4+53554-4+32B2
625424b55-43+2B42265-54533+221
555-54-6666x5-765-65443534x47555x32x54-4a33
66666
54543522+032C0x4-43+4252222+10-1101-0x4436365x4x5555-5343x7
456534x2A35x434B-655555-5545544444
67355x2x55c4+535-433+32225
