4642
7654-43B+254+24215-543+22
5+555
5B776535-4353+3622+4+4+52
0A665475-43B+254+34-2556b55-55444+443
40775445674-155343+5635A57404+14-24a443+4244525+325575B555-353334245445+302221-1c11117210
5564-5-5555430057654362547455-544352222222+22
50+76544+56405554-544+454545435443
654a-5555543
6+6+665-455
677066+6
654b-55555533+2231025222+255
5555-54+555A7+6666+5057a0-1712245A-44+32554-2432
55-555555-55555454-4444+44444+4
7654-525533115767+00-71B
667+0
7654
666
77-654534A-53
5065355-43+32222
666-6577514-456
