6757574755-544+3242524+363667-5765500
66665-350455075555-44
5566+665653+0655B55-4+346
6+776615-4352+32207
57736505760505-4634356775555-35443+320310C6
65-53544B6607554-44
573640667505055-5535760
67650
666
75B67554-043
76650
66707666
6656655736066044-450556
67706554
4B+05755054-04+362252+25-740503+7b54252560555-057+5550053453-3
455415-5565756664667
5-7+50566+70-1-101621-705
7C655433466075554-432
763516-77655-0064765543
5750
3A5756757505-0404+36325242-423566654-3564B77047550354-43
666
2666654-34645754444-453546443733+3322227
66655647605764-0501666
