65+5-754+43547457547+54-3+5+244A6570654b5c+35-34356
55-5553526+765667570671
6-53+5354-44B43+222222
76554-433B+2
0555544
6+7570754-44+431531C547004-3+46222+2
7+7-5650
6666+6
7-4656B06017555544-4433+2
660766+65
56455747-4+26442257665+7c0535365-34+5373B53220755-7500464433+622
66665-434254C7543-3+464+34545-4353+646+76554+33
574B67605155-5665406+0+60+07067066400
57676404-4+244C56775514-03+426222
7654
66
4A766077656054475405-354433+22615
4B74726+2+2265067-05750
75+7651
5545-5566776+654+436
4-4455-54A+65+076667667+507-44365B0b0212+7744-443+4222625545-35473
