655b-355555-452+72143-35144+1262211-110570
765c-5353546765555-443+222017065
64+26665443-155
75555553
6666
4547757555654-0607+76+6540+0
77+64-14a+34254C64774455-7435+435-43+32222+2
47-75606555-443
666
76-55555-43B746
5746457655-0453635700065555-55543+3
37675544
6676
6675364-4+35-555555343+3562310211C0766
576b7655-0043+2422A5755-543+2
6766
7-65453C5-4346
455155-5566706+5710-561111-17765767-543A+065-004+2435255-4346
4+5676751
66
77-6555-432
66666+6
701
77654-353B576044-44444+44333+133333
6707-0571010711
