534315-44624355x5554-3
63754
664b-433B254x4-4344+36343654+x222+2x34554-53
515-5
66+66
6754-524Ax53B2x44-444-443+34355222x54-432
4555555545+3
66+6
645a3-5-x4x5x55x655630+50-0+7+65+5x5-x4-5+354+323
5-5335242107x535-34533435222334522x654755545b-44444-4333+22111-100
765435a54-43+3A3252x55-443+221
635
666
7-6654-433B2
55-5556-5+476754-x35577x43B+545+34533252x55-43+322x20+321-11110
67354
75a-6434+22222
47646
67571-11x7
45-555555555-55554-554545354-444+442535321511x432213+422
66+563
34054x252x6c45534+54433+322211
