654b-4555-543+2
55655-5564+372626657
765b-530635706555-43+22006
643+67550
576406776650515-003453+242522+24-3546606555-5433+35113664-443C
66666
77655
6666
7B65664-435466755543
767165
50+675-7+543+222220
3765555-453C53544-44-4433+2A
65-6403363467777
76+7
575764-054+2434476445-555553356+220217757
555-55676645356655-4443+36
57+505
53+767565765+60044-3+425+2224-354-5a343+356222+226
6+26544-3+4255C457065644+777160+0-077650000
555555-555555554544444-444+4-4536533242072+21111-11746-47c6-7675601555-432+22101-70560
555555346
6666
6C75555-4332+225
