6+666655b
654+3+25222x4b+23-254655-55554-44+443
2665-x222x4456
65a4-325232A10-0000x535B5-43242625-444+3221
43635+54x6
4+45555-5554453445354+4-436543654+443A65-4B5635535-332
625b44-5555554+3221
444-353264x1-412C1037x44-3544-444C4453535444-433+53222
6606666
27-655
2B65-43+252x5-5534A+52
5510x4
7654
666
36-554-43
666
664-43523A45x4-34+42242x55-5523+33522
50
7+5-64+2544+35234C55244x433x4-4b3+235-5555-5B544-534+3
6264-4523557644-3+35-2232151-11b11-1x465554322
475
665434554+34-455555555533+533223+4103012+x11B7
