05B755455-5555432
6670766
375547667506-315-4670065555-44
5477467544B67555-5544+34-125011363B5326+7
664+636266765-765
670
4674651567+504-0355367555575544-443
654B-54c-433+262+2
76-560
76544C-555554527
7A57606054535-5555543+223545547
566+770555454+44-4454733+261
6666
6565C-055555-4+5272
6226545a3644c3644-4556
77655-50
45555655437
475+5707655-4+352255-43+22
45b6455-555-556665-73546677551474-44537
77655
666+6
654a4-4555554637625
66+6555-5
767166+6
4755555655-43
3567707545545c-35454354-4444-44+43+33+22020+272202733361106
