6760741
6747650065555-544-4
67666
57-57554-44+33526+2227
6226565475-7556666+6
7+56750
0C55675704-54B61654-45372
6346760640
53764607555555-5444
66676
7464567566575004-43+326222
45555545-47570
56+770764445+45c-35444444444-373+321
6546045+7375+536565035-35+244B6744434c+1343622+2264456
545-555577706750645674-03354B676044-45+55555-343+35626
55-55676756340644A-443+62222
5-55-5566+67067-50b12543
666
5455-5555666+657+4+036-57+707517-101311-201C076055534+54427
4B764C7+5-65505366+7055015547454-54544+444+3
4657700+6755534b+54-444433+6
510
