5555555553544+432622+2225355366
65B4-4433+26232207
55566507+676065+5767c5660-1036750
7654
37546560755555-4
6755067076555544c-4443+33+32211
44-4+44-44536760767677+755070+4+354-40a1+03644444B4-444444-4443+33353633636555545-3732+211
7+765
76567554
6666
6+655756-750-504506666+6
4B676650674145-555555-54+3222
76666
347646575706-76404-154255346755555444-443
05555-55567666543655B4-433+62222
56770651
5+555-5+666+6767-504567+7600c017-0b12355-443+36
4575-5556505-7+5666+7647+67667-7+50+012+422B100
767+55
7550b555-43+33B3533355554-4332+2
