0C5765
66+466433676+6567-556050
4-555606+665+0067-55c54535-44+433+32A62
666666
514
555555-55555-535+3252-54C655-555444+3
6577654c4415-33516+67
050744
6557+543+45-55555534+35262171C06507
6666+65
6B65-5043654B670640535444-445354-7504443+3521227725544-433+322
7+4+07+354657675066+57
771605716706+7
7B654-433+2222
5455-55665056+50606c060-0675121276+77455
666+6
6+654b+3-5455553453+4262+3-250351634C554-433+5+7222+201111+1006443+34-5554
547
7+756750
4C566674-14545700765443
0556
55555-5554545354-535-45354-5444444+45343534352A60111-11110076544-4555554346
0000
666+66
