0A
545706+66667-4043450125-4+2A3346655-443+62
671754b4-5555543
654-43B65b-44254-4+3B5-5555
5+65713+54-55555534-6
66+666
6+45676544+4b33+26
7c
7655035-55555543+22A141234556605-555-43
37310755554b-5454-444547444+4373C36
706750576
7C65664773+375076
6666a
6505-55665-65536354605555436
64A5-47576b50555-453A7
43753506667057564-13-4504-4+3A522755-43
6666
5B677166-5555b4-4533+726
2757557670566570144364b-44+4352+242265-40665c6+0455555544+447
645755-5555555555554444+4-4+3A64+32555-47
755b4-55554
56+767515b4+4+47
