07750670
557+67570571654355-04+324251A27774-44+32534A4634467655-544+3
765A44-33+6
76+54-233C55-764-33+53622211144+4B154-443+2
454755-55576546546475+4-45607556+151-1010725754+5370
7+65
577665555-44
7+765+50
5C767560065555554444
67065-50
455-5566765355B544-4433+6
6666
7-66-50
7A653+4362554-432
476765057-6777414055-705404323A5646+574-6507b5-505555-4+54-444
6+765A05754-043A6
55555-554
477606555544
4+55-5555555555454+454345455775555554444+4437
56777+605045
7516505-55556575057+75011606-2051710755
500766557561560667616075
666
