6B5-4555554+722
555555555454+35-354577555-534+3526104B67
266+654+34555
64742A5654-055555472
4-551555765445C4-44+32212245
7655-432A
666
44b55-55+66667410+54566750-1272+17071554-457543
4A6075B50577+0560455-5554+4
45+6675475+64-733+2-26550
43663+46775547707+7
7+35476077+07+076
45555555555535-5444+325255-43+6
4-0555-5456466606606506+6A567-500b2175-433+22+5
45-4503756674074+3455-4A5703+2425245-4246+670567
6460657+55-440111110
056+5504-0354+55
44+5-55555-55555444+42A5456404+7-5700
65-5b554+66050
457+0765454b-4+3321
