40667144-455554+32100
7544+43-34+2624-1+1-455556566657+000-1
5555-55-5444444+335633314+26611-102016765-103+3-25466b5+54-3+42621-10+7
67-546475C-555-432
66+66
6543C446650706640+46477660+01
455c555544+4-44567054-1365a4-4+4467
465750675-0553446507555-44
4A7577665755000432A5-14+242252+3-2200+511105-47554-43+221-0
666
0-654-04+453A564-35545707555-554-44+4-44
67555-5444-33+6
55a555-55-4665-35646075555-44-4
00
555-555
6754A5-5c53+22222
15-54-447
65b-5344B6507556
2654b-532+5065+03534A57535-35556
5640644-555
5A10+7665
