67
06754
7654b-4554+3C545345-4C+74424C64+64+573372+62131-5110550
4+5755-44+33
455-555676667506b+43-5550-01B70125545-3+72
45-55555-55+4-54475555453+72
67054401
477414-6-34+5707a55b4-34+6
455-76-53055-55566465-6b40605555555-4+4
54-575565734+262660-167+060-0b0+12
65A565-543+32210
53666606+70767+06+5+634-73+56
6543535-44444+4424251-110313+662675064-04b+224-546A555-4362
67+0
0676+305+143364262427443-5547b63+626106373-6445+35-43+200
071
4+55-555+5-5554-4+44343+65+457705555-554
55555-5567655443-2
5A6607165155-5554
455-556576560
5A67655A54-433
66666666
