66
5462C45x4664-44+53622+231511x542553x55x5+7x5-444+43
54A53+4x5x4+24-254B53555-5544+43
672355x5x74474-432
654a-555553+42
645455-43+22+2
7564
56+364+x3+526
6+4-4655555555544+4-5555543
666
54433325b34-54x21x32+3424a-555534+2
56353-5554376+4432222
6B54-432
4A+754745x5x4-4+43524-43
66
453534221C4x4-3+425-2+211-1x43+4+2635x4x5a54+43x6
55555555-544+34-252+2x4535+52+22x4
5443B54-x1x43634655x6x5-444+3
555
53425745a74+4x353024-21+76x4+34252221311-110x4-344674555-x2x4443
7654B4443
666
452536
665-43+3A42655-432
