55555a5555544-4b+3254C4+56355-3+3424-2C452A632255-443+210+31
5A741-7524563457555-444
765A543
7655b
347265735555-5A5432
5644+63+35555-43+22B102
65a644-555-4+532
7+5-6555-5+55-454-45+7355+245-2476-54435555+7403231670-155567+770106012A13
4-6+345555-56574+26424565-47+3+745001564757+4670515556700001-0233A34
76543B4b24-43+2222
767-54
66666
676665435-555
55-354435c4-4424A55-4+3525-432
666
625655-432
7+65
7B65354-3B+1A54+3424-4C3254566+6+70000123+34
675
574555554+5-32
463555-4+556+5367540+40A77654443+6
