45555555555-4+34B5744+443343622+45653457456
5555555-553646706555-4
06650
6554+7566070500
64-55555555-54+43C64-44+14352+222711-14+34+6576555-44
765A54-43+2
765
5A0675555-55543
765535-75364776555-5432+2211B776+0
4-5575555-546665456555-5454-433+26
570
00
750176
6+557+56077650
6+6
5A067b6a-30456065607555b-35443+2
7+5067-50
4B+7-57601545-343+56555-4
666
47654-7545644b+354A5+35456
5A-07555-34545507555c-543
66c
765
6A0605-540353+2B044-4+353A622111-1114-441431642020726666570
0B0
4555155-5666555465A55-4432
