6757050
65+5c4463+622331207
5355-54
36726064334-555356
76550
5B776b655-0034+3B5554754+6322+61674-3+242+52211-114+7-65+5A00-044+3326
0666
750766555-34544
66654354b-454671
44-55-5335+6655A65706676507a43654-3+2B3426555-0-1255354535-345463+72222
574-044+3241A157454764-03+4262222
0-55515543-26
666
7A4A5565675156767+6+007576760000
654a-344+5707555C-5544+4
3656760600+51404-432+6223426232305555555-555554+3454+44252+2171b-6110310217054557655-5544-4+333
76+5A5-5335167
654b-34A5567566677+571711
606566
76714
666
6666666
