643
55555555A45-744+43624x2x4-4434254x557654463075x3+21
265435556
7+65
55556432+232454A3x4-314-2x543+2
75-545543+57434a+41245A6553404x4x4-3+355A6a4025-4-x453043555-33+4323B43141x54-57+065x367+00
65
3467554-3
327655x525x54+65433-14533+322211
3+3453
5+744767+7x32
06767
654a-434+35263x4x1A11-1111x35A4-435+22x54-43+2
64B544x6x4635475-4443
65A5535-43+22
656-43B5354x5x75b-4342
5-5554+533512244x54-x2x3
7365554-444+322
5a5555-5+66645A4-3+222
6b-5+354+6+4365-221b11-1x65-453221
3+275x4x5-5554+32+23+25031x3352422x5b32x4532
