66666666
456
555-556765405-524+4A0373362
5c
5555567+765+7407C+600b1-015A5-4+336
65a5-05554+3
6666
65b53154+63353+44A75676015756+5755060676765060570000000001
5B+77-656505b-34+43563664535-43
666
4B5-6065555-3453a+72-2311465555543+3
576766+705053644+3A3554B7755b4535-44+3362
45567670577
7+3765677
64A7645-555543
2766
75-67764415-46765555-44
7573A40655-533+5675555-444
7A665A574-0320
455-5555554+54444+5+4465-6-740643A5650754535-4343+622
54+6740750
4705-6-55570567-456+715646607-65503+5605-3A+432655-43+22
67-04-4+54+43A64-4+3A53454B706715b554-4433+2225
