5075
0+75
5+7076
670660
66
47-66070555-543+6
666
56457a-55070555-433+261106
4A5777+544-5555-3+42625
666+6
573506-65540547005554-432
4B5665-7-3403+664A+574755675043B500
75074A4-5633626+3-14+0434A751+0764254465565-64+4077
6666
7655A55-535343+356225
3+4+645776564573775057637567+57+57570+776
576655-6754254466554-543
45755-55+76665435456755a5-35353+2+4-350+1222+243+4c2625
45555555-432+2
5a-634164B5-335262+23251116465055-555363535+4343631426211-1176656b5-747465666A00075-701
6565a-73+242555-4527
5776506555-43
666
76554-3A2
