36
623+12
5a-6455565432+2
666
545316a2+142+x4x243+56x4+5-33+4252223111-100x4+35B54
4635555-55666545535-3544+3322222
6B7-554-3422
666
45342B164x5-35+3343+6222011-011x4+634+5ax5x5x7x5535+4333
5A+7474+5-32
6B555-5555444+443
67255b544544+4353+221
3+634363x3+432
3A+43+2B2
653B54b4+334+3A35265x22+111111x4+32
65a36335543x55-535-44+331031-4
66
64A465x6x45-55555-4+32
666
7535455-354354465x542x55544-33+2
4555555-555454-4+5354+322222+11+455-555-5555555354+335+264+3432A655-4532
57-6464-5666
65b-545354x54322+1434011063x32x221432
