666
66666666666
05676005761607515555-5544
06555555575501+0
6707666
066404-43254A65043+554
6750607+405-03+4262220
555553+6675
46576750644-5b343+52265
5-4455-55-65+75+666606+443+6-455556+5675501
4065755-65555356226767776+60657640444-513535-4444-44-444-44-443+33-35b346565-744556666
564075+564035565-0405344A5650407515574-63+4226576-00
554-55-5666545454-354+32242722+24-5454+4-443+2
674
5455-555555-554+4-4454+66744-4+4a-254426466555-443
6556+7011-110
5B67-5-05235564-466
705
6666
607-554065554
7051
26+266+7-0112
7-46654166+66
