6556075-05654+537
66+6
4a5-55566+66+7-405-012A707-055+44433
54
555-554+366267005740434+55b04-4+3254A547744-43443+6223A1-511a16654-3+3
476+405-35-4+3A55b-4+32554B5+767504-04a+24354231511-15734+2626067065472
555-56+5776554+75544+3
4-55a-56A667-754-010+6555555-43+3
5677+615b4-4432
655044-44+3352+622554
3776
57504-4+35B54
545-55547760415674-03655a-743+222
66557000-65554b45-435336
55-5355-56665-354-4+343+6262A11a1-1145-5352532+5314+754-43+360656+705
4555-5555554+4-4
6A67506+7505-0143
655-5b5+55457
6+7654637+760+5
6666666
