346A6a43x566
522414511x3+5375-x22x55363+232x4
476-44545667+76
34A6536x352545x5-x6x544+4
765A54-43+2
56352A45x44-333+223
7-654-3B55-5
675
455324524-36435x4+64x55-4x5x43+220+313B1
3A534164+63555-54-4
6+5A+545-33+24234-3466345x6x4-3+222
65a35-35b45+4-43643654x2x54-43+3435
07574763177+46
77b+
54463425a5345-353+3222223
453442C42644-3A42535-35+3+352222x4+35554
635
43524c34655-55554+3
54-5-3645c553355747+75x5670+00x2100
7654
7B65-4344C646352x44-5
3465-54+4A5405+7a410x434-43+4252222x44-5435643655-432+2
666
66
