5-641553B577554C4-4
76554-432A+
457673154557765710574a5575556567+00001
6666
6766
65a65-055555-3+262353120177576535b-4+73357+46-464C05066+766
574+04c543545245-55543454607065+05556+5-7557+504322+02717+5010-01
55555-554+4-445576754-13554A6765-15554+5-27
56+2232375365-37562277767-4100-1A
6B5755b43
7650
55555543
5A054066755-553+460
4455555-5555554+4a36455a4-443+36
75765-0404+23454B66705435A4-4+3234C4+67644+32+42522111-1021014+7654+32
670
765a441767555-5444
6706651
5677651554b554-4444433+322255
66666666
