54556760576
5555-534666467651+7+75a4436503-524+3A6255-443
5A054+76756155-45754+44
7655A4-432
5+4
5a6045-5554-4+3
666
5-555a55-55566666+7404-0-003102A067535554
56575055-55667+760-0b1026654+5372
555-5555-555-54544535435+3353A3+61645-5553+46
7+5165757555
6+76
7676176646577+06
67+577c+06
67404-4554+243A6255-43+46
66
67050
5-46455-45666+64+76-0+010-00173A100-55555+432
5575-5655066466+75-5065677-75-53+65545+3472655-043+426
4-55555-55555444+4-4555543
66
667-545b-436
6a537-05755-614+6760504-0b4+344650555-444+43
6676
6666666666606
