654+5+4-5554a2+2143+32515+5b-4443433+62621
6707-6554
5555534+2+61
5475+4-55+5557-55557+473+4+74600-7+765
4+55-5555-5554+45363C5755-43+465-55a4+444+3621023+6+4561C+0-111-11107
66
56-45-0707655-554-43+6
666+6
45A-545654+665701
5+25555-472
0+5+755-04+035B06+57477c07+5044+4-3+426222+232
5-0+060154
66-6554-4
56+706555-4b+4343+62215
37655-6a570+54043+2622200
3565706555-544-3+2
666+66
6C564304b-1434+36222+22
4+57-7605
6+666
26+22645346+55505
5-4544
75+757-5225-434+4214755675-0734+354+5c27424-665555-453445372
