5675676
265303-2416a55-5554-43+547314311124354A6704-1534453732+2
666
53+2201+71555-45+346366755a5-5
515-55545-27
6A+6
5C57+07055554+6750+6+7766757500
5-2236742-444C557650666707+05711214+74
56575+5+54
2+622111456-55505+3A533A+35262224-15155573+32626757654a+444550a165555-5534532+622217
6666
7-65-4
6+66
2+4+3-2+1074244C557656+54-045+00+7B67-6+1500
253120743A4667555453-5443+3-32+64132464C507512+222425564-06+4740+61007605700
76554-4A43+622222+2
57-67564005666+6660-1100+76
54
52243564-44324C05766474a60+50766+5-701
56+7
536344-43+223-554A577655555-55454545-354332
