555
45744+7171575556764434A+1533+152725-4c3+2
560655-43
6455-55-43
524a55-5543+2
515-55562+062760
7-6B+75-654535353+2
4555555555444+355b3443565+20-272141a-166665305-50456
14
6+46-4154+3215-1+7262252+2+275
5554-57
66
45371C10557+466+000767501
77+056+6+570
56+36+645775705
5760-6a714-43+222
5C6750-40545A-714+33443+622665344-65
076550
5-7+65555555555544444+45b435-56303464A6065b535-43+22
65a-64055-554+527
511555642+62-265-773+5264234567550
66
67557-60650507554b-4322+4-2-35576054-32+5222455a-3+43352622
666-654025576574a6047066550
67013
7+66
