5555-5
6545-73+0574+44a-335+6222-17
3265-155660166+6
515555554-4+4444+435-2+262414+25-214-74+5262276414-4+3222+2
1555-5+55
765c5-43+2A
765
5-1+0-555-4
76a54-3+32222
536225b44-4a3326
51055543+242+53221055554+34356744+341513+13010C+16+775400
74B+700+7
5+6b37
6454444-44b+4-34a354+11-11262+2650432+2+5
576757-0765404-34+2522+245-4a32+222
2-5224-344B656705754-640+5676-557+0
64775044-3+222
5-255554362
5+1b-5
2545764-574+24-25655-5A55-555a4+444-44+33+5314364+443251454+72C24151544451131-1A70220+0701716131+075565-445
