5-74+345557124-03+244A657+10+7654b5c+35-34356
353224511-1262560
6-550354-4B443+222222
765A54-443+2
055444
57570754-044+2443C4576504-43+22+2
7+67-55
66+6
4656A0071555544-4433+2
666666
54556407-46+315200645-3756605b5-354+372B523255-57500443326
26224-343B156054-43+64+3544-43+5646+76554+3
5B6671515-56657+0660+0+00770665404
575664-04+424B7571504-43+2622
7654
66
5624A757605547550535-443A+22
5A74676544-33+22+22
7+7-6651
55-55-56666+654-4+36
4-4455-54+65A+076667667+507-443650a0212+7754B-443+43522554-5335277
