254b-4555-543+2
25115-5564+372626657
365b-530635706555-43+22006
643+67550
734564676650515-003453+242522+24-3546606555-5433+35113664-443C
66666
77655
6666
622B174-435466755543
767165
50+675-7+543+222220
6335555-453C53544-44-4433+2A
65-6403363467777
365574-054+243C4476445-555553356+220217757
555-5567664535665544-43C36
53+76756576560044-3+425+2224-354-5a343+356222+226
66+6544-3+4255C457065644+777160+0-077650000
555555-555555554544444-444+4-4536533242072+21111-11746-47c6-7675601555-432+22101-70560
515555346
6666
6C75555-4332+225
