5555555-553554+4353622+2253555366
654B-443+3262227
765-4c433443+6320221516665432+2
34+6+67550
4756750755554-44
3+6423151077655535+44c-5353453733+26111
44-4+444-4436676767+675077+057a4+3554-41+2+137444452B44-444444-444-4+3333533625554-3332+221
7+675
717655
6666
6+6567406-570-504506666+6
2B00766575444-55555-554+322
66666
533456465706605054-356367755555444-4437
455155-5556766654524B4-433+2222
567065
6b7-54-35c44+3-253+336622+11-11111654567655-43+2
05
5A77+16+6535+34-3+3+5262+23241511-02715-54676+6654+32
77+6+5
367357B+5577550-1117b2174-4332
