6+706741
345466075555-544+4-7
6666
57-655-5444+43536+22227
6656565475-74556666+6
76754
4342C1604-54A665445-372
6536775+01
5376460555555-5444
66666
406576056605004-433+62222
4555555-547
6277705650454+5b35444444444-373+3211
64534+5-374565035-35+34B56644-05b74+0343622+264456
555-4555777070457404-33646B6404-45+55555-343526
1-51176656305A4-4433+2622
65b4-33+4362611-1-16543
666
43B56670545-353+4352+2221111-111043+6-46+7555457430+60
4A767+570554+32C3-555365547455-54544+444+3
7362105555b+4-444433+6
510
