7754
7654a-455-4+3C544-4C54+74244B54+67504-4+32+23111-111
54+755-44+33
6543B54-4b+335362211-110654355555-43+2
455555-55+4-44575555432
70555
70544-36a-5+6755b4-3
455-7576-455-5556665b24-054655-555554+4
65+4b43+46
163555734+26665-50
45667+00-11A12
43+64+36220277676+63+325
655-0454444+423-2513+317626161-111056754-04b+224-546A555-432
7+60
0+6+63-054+35332626443-5547b3+662016373-5445+35-43300
701
455-555+5-5555-5+4343+6457+705555-544
55555-556655432
5A6707165555-554
15-0556576560
5A67655A55-433
666666
