40667144-455554+32100
7544+43-34+2624-1+1-455556566657+000-1
15-1155-5444444+335633314+26611-102016765-103+3-25466b5+54-3+42621-10+7
421-764-75555-43+2
70655
66+66
2543B446650706640+46427660+01
455c555544+4-44567054-1365a4-4+4467
324505675-0553446507555-44
4A7577665755000432A5-14+242252+3-2200+511105-47554-43+221-0
666
4564-04+453A564-35545707555-554-44+4-44
53655-5444-33+6
55a555-55-4665-35646075555-44-4
00
555-555
6754A5-5c53+22222
15-54-447
65b-53446507556
67+60
5224b-532+5065+0334A557535-35556
5640644-555
510+7665
