55555a5555544-4b+3254C4+57655-3+342B6224-451A76655-443+210+7
5643A7554563457555-444
765A543
7655b
34+7366755555-5543+2
5644+63+57555-43+22B106
5a264-0555-4+527
7+5-5565-5+55-454-45+7355+2423565-4735555+776-500670-50055567+7705603A5650
4-6+475555-56574+26424565-47+3+4556754757+670500015556700001-0633A30
76543B64b4-43+2222
767-41
66666
366265435-555
55-354474+54-424A55-4+3525-432
666
62565-4127
7+65
31523B4-3B+1A54+344C646-750566+6+70000123+30
675
575055554+5-27
464+7556+5575-567500+6+00A77675400
